
> backend@1.0.0 start
> nodemon --exec "tsx" server.ts

[33m[nodemon] 3.1.10[39m
[33m[nodemon] to restart at any time, enter `rs`[39m
[33m[nodemon] watching path(s): *.*[39m
[33m[nodemon] watching extensions: ts,json[39m
[32m[nodemon] starting `tsx server.ts`[39m
Using PGlite in-memory database for development
Database initialized with users table
Server running on port 3000 and listening on 0.0.0.0
[32m[nodemon] restarting due to changes...[39m
[32m[nodemon] starting `tsx server.ts`[39m
Using PGlite in-memory database for development
Database initialized with users table
Server running on port 3000 and listening on 0.0.0.0
[32m[nodemon] restarting due to changes...[39m
[32m[nodemon] starting `tsx server.ts`[39m
Using PGlite in-memory database for development
Database initialized with users table
Server running on port 3000 and listening on 0.0.0.0
[32m[nodemon] restarting due to changes...[39m
[32m[nodemon] starting `tsx server.ts`[39m
Using PGlite in-memory database for development
Database initialized with users table
Server running on port 3000 and listening on 0.0.0.0
[32m[nodemon] restarting due to changes...[39m
[32m[nodemon] starting `tsx server.ts`[39m
Using PGlite in-memory database for development
Database initialized with users table
Server running on port 3000 and listening on 0.0.0.0
[32m[nodemon] restarting due to changes...[39m
[32m[nodemon] starting `tsx server.ts`[39m
Using PGlite in-memory database for development
Database initialized with users table
Server running on port 3000 and listening on 0.0.0.0
[32m[nodemon] restarting due to changes...[39m
[32m[nodemon] starting `tsx server.ts`[39m
Using PGlite in-memory database for development
Database initialized with users table
Server running on port 3000 and listening on 0.0.0.0
[32m[nodemon] restarting due to changes...[39m
[32m[nodemon] starting `tsx server.ts`[39m
Using PGlite in-memory database for development
Database initialized with users table
Server running on port 3000 and listening on 0.0.0.0
[32m[nodemon] restarting due to changes...[39m
[32m[nodemon] starting `tsx server.ts`[39m
Using PGlite in-memory database for development
Database initialized with users table
Server running on port 3000 and listening on 0.0.0.0
[32m[nodemon] restarting due to changes...[39m
[32m[nodemon] starting `tsx server.ts`[39m
Using PGlite in-memory database for development
Database initialized with users table
Server running on port 3000 and listening on 0.0.0.0
[32m[nodemon] restarting due to changes...[39m
[32m[nodemon] starting `tsx server.ts`[39m
Using PGlite in-memory database for development
Database initialized with users table
Server running on port 3000 and listening on 0.0.0.0
[32m[nodemon] restarting due to changes...[39m
[32m[nodemon] starting `tsx server.ts`[39m
Using PGlite in-memory database for development
Database initialized with users table
Server running on port 3000 and listening on 0.0.0.0
[32m[nodemon] restarting due to changes...[39m
[32m[nodemon] starting `tsx server.ts`[39m
Using PGlite in-memory database for development
Database initialized with users table
Server running on port 3000 and listening on 0.0.0.0
[32m[nodemon] restarting due to changes...[39m
[32m[nodemon] starting `tsx server.ts`[39m
Using PGlite in-memory database for development
Database initialized with users table
Server running on port 3000 and listening on 0.0.0.0
[32m[nodemon] restarting due to changes...[39m
[32m[nodemon] starting `tsx server.ts`[39m
Using PGlite in-memory database for development
Database initialized with users table
Server running on port 3000 and listening on 0.0.0.0
[32m[nodemon] restarting due to changes...[39m
[32m[nodemon] starting `tsx server.ts`[39m
Using PGlite in-memory database for development
Database initialized with users table
Server running on port 3000 and listening on 0.0.0.0
[32m[nodemon] restarting due to changes...[39m
[32m[nodemon] starting `tsx server.ts`[39m
Using PGlite in-memory database for development
Database initialized with users table
Server running on port 3000 and listening on 0.0.0.0
